2026-03-15 01:40:30,178 DEBUG get_folders: apps=11件, other=3件
2026-03-15 01:40:30,181 DEBUG メニュー項目追加(apps): 'Chat'
2026-03-15 01:40:30,181 DEBUG メニュー項目追加(apps): 'Data_Share'
2026-03-15 01:40:30,182 DEBUG メニュー項目追加(apps): 'everyWEAR'
2026-03-15 01:40:30,182 DEBUG メニュー項目追加(apps): 'HardReminder'
2026-03-15 01:40:30,182 DEBUG メニュー項目追加(apps): 'Homework_Rescue'
2026-03-15 01:40:30,182 DEBUG メニュー項目追加(apps): 'iphone_memo_book'
2026-03-15 01:40:30,183 DEBUG メニュー項目追加(apps): 'iphoneリマインダー'
2026-03-15 01:40:30,183 DEBUG メニュー項目追加(apps): 'KANJI_HANTEI'
2026-03-15 01:40:30,183 DEBUG メニュー項目追加(apps): 'Kanji_Stroke'
2026-03-15 01:40:30,183 DEBUG メニュー項目追加(apps): 'terminal_copy'
2026-03-15 01:40:30,184 DEBUG メニュー項目追加(apps): '透明キーボード'
2026-03-15 01:40:30,184 DEBUG メニュー項目追加(other): 'amazon_auto'
2026-03-15 01:40:30,184 DEBUG メニュー項目追加(other): '小学校関連_auto'
2026-03-15 01:40:30,184 DEBUG メニュー項目追加(other): '請求書印刷_auto'
2026-03-15 01:40:30,186 DEBUG デスクトップダブルクリック検出フック設定完了
2026-03-15 01:40:30,444 DEBUG Importing AvifImagePlugin
2026-03-15 01:40:30,494 DEBUG Importing BlpImagePlugin
2026-03-15 01:40:30,509 DEBUG Importing BmpImagePlugin
2026-03-15 01:40:30,510 DEBUG Importing BufrStubImagePlugin
2026-03-15 01:40:30,526 DEBUG Importing CurImagePlugin
2026-03-15 01:40:30,537 DEBUG Importing DcxImagePlugin
2026-03-15 01:40:30,564 DEBUG Importing DdsImagePlugin
2026-03-15 01:40:30,585 DEBUG Importing EpsImagePlugin
2026-03-15 01:40:30,602 DEBUG Importing FitsImagePlugin
2026-03-15 01:40:30,635 DEBUG Importing FliImagePlugin
2026-03-15 01:40:30,647 DEBUG Importing FpxImagePlugin
2026-03-15 01:40:30,660 DEBUG Image: failed to import FpxImagePlugin: No module named 'olefile'
2026-03-15 01:40:30,661 DEBUG Importing FtexImagePlugin
2026-03-15 01:40:30,685 DEBUG Importing GbrImagePlugin
2026-03-15 01:40:30,701 DEBUG Importing GifImagePlugin
2026-03-15 01:40:30,702 DEBUG Importing GribStubImagePlugin
2026-03-15 01:40:30,712 DEBUG Importing Hdf5StubImagePlugin
2026-03-15 01:40:30,721 DEBUG Importing IcnsImagePlugin
2026-03-15 01:40:30,756 DEBUG Importing IcoImagePlugin
2026-03-15 01:40:30,768 DEBUG Importing ImImagePlugin
2026-03-15 01:40:30,784 DEBUG Importing ImtImagePlugin
2026-03-15 01:40:30,795 DEBUG Importing IptcImagePlugin
2026-03-15 01:40:30,812 DEBUG Importing JpegImagePlugin
2026-03-15 01:40:30,813 DEBUG Importing Jpeg2KImagePlugin
2026-03-15 01:40:30,813 DEBUG Importing McIdasImagePlugin
2026-03-15 01:40:30,823 DEBUG Importing MicImagePlugin
2026-03-15 01:40:30,837 DEBUG Image: failed to import MicImagePlugin: No module named 'olefile'
2026-03-15 01:40:30,837 DEBUG Importing MpegImagePlugin
2026-03-15 01:40:30,847 DEBUG Importing MpoImagePlugin
2026-03-15 01:40:30,872 DEBUG Importing MspImagePlugin
2026-03-15 01:40:30,883 DEBUG Importing PalmImagePlugin
2026-03-15 01:40:30,899 DEBUG Importing PcdImagePlugin
2026-03-15 01:40:30,914 DEBUG Importing PcxImagePlugin
2026-03-15 01:40:30,914 DEBUG Importing PdfImagePlugin
2026-03-15 01:40:30,977 DEBUG Importing PixarImagePlugin
2026-03-15 01:40:30,993 DEBUG Importing PngImagePlugin
2026-03-15 01:40:30,994 DEBUG Importing PpmImagePlugin
2026-03-15 01:40:30,995 DEBUG Importing PsdImagePlugin
2026-03-15 01:40:31,009 DEBUG Importing QoiImagePlugin
2026-03-15 01:40:31,018 DEBUG Importing SgiImagePlugin
2026-03-15 01:40:31,034 DEBUG Importing SpiderImagePlugin
2026-03-15 01:40:31,049 DEBUG Importing SunImagePlugin
2026-03-15 01:40:31,067 DEBUG Importing TgaImagePlugin
2026-03-15 01:40:31,084 DEBUG Importing TiffImagePlugin
2026-03-15 01:40:31,085 DEBUG Importing WebPImagePlugin
2026-03-15 01:40:31,157 DEBUG Importing WmfImagePlugin
2026-03-15 01:40:31,174 DEBUG Importing XbmImagePlugin
2026-03-15 01:40:31,190 DEBUG Importing XpmImagePlugin
2026-03-15 01:40:31,204 DEBUG Importing XVThumbImagePlugin
2026-03-15 01:40:36,593 DEBUG デスクトップダブルクリック検出: (1199, 831)
2026-03-15 01:40:36,680 DEBUG get_folders: apps=11件, other=3件
2026-03-15 01:40:38,737 DEBUG デスクトップダブルクリック検出: (1175, 518)
2026-03-15 01:40:38,764 DEBUG get_folders: apps=11件, other=3件
2026-03-15 01:40:41,021 DEBUG _open_single 開始: 'Chat'
2026-03-15 01:40:41,027 DEBUG open_terminals: name='Chat', path='G:\\マイドライブ\\_Apps2026\\Chat', exists=True
2026-03-15 01:40:41,164 DEBUG open_terminals: wt起動成功 'Chat'
2026-03-15 01:40:42,278 DEBUG キーボード同期: 現在0個, 目標1個, 起動1個
2026-03-15 01:40:52,725 DEBUG キーボード同期完了: 1個
2026-03-15 01:48:20,244 DEBUG WT数変化検出: WT=0, KB=1 → KB削減
2026-03-16 18:09:52,018 DEBUG デスクトップダブルクリック検出: (947, 590)
2026-03-16 18:09:52,058 DEBUG get_folders: apps=11件, other=4件
2026-03-16 18:09:54,942 DEBUG デスクトップダブルクリック検出: (997, 604)
2026-03-16 18:09:54,967 DEBUG get_folders: apps=11件, other=4件
2026-03-16 18:09:56,600 DEBUG _open_single 開始: 'Chat'
2026-03-16 18:09:56,607 DEBUG open_terminals: name='Chat', path='G:\\マイドライブ\\_Apps2026\\Chat', exists=True
2026-03-16 18:09:56,663 DEBUG open_terminals: wt起動成功 'Chat'
2026-03-16 18:09:57,472 DEBUG キーボード同期: 現在0個, 目標1個, 起動1個
2026-03-16 18:10:06,687 DEBUG キーボード同期完了: 1個
2026-03-16 18:17:01,697 DEBUG WT数変化検出: WT=0, KB=1 → KB削減
2026-03-18 00:20:33,569 DEBUG get_folders: apps=11件, other=4件
2026-03-18 00:20:33,573 DEBUG メニュー項目追加(apps): 'Chat'
2026-03-18 00:20:33,573 DEBUG メニュー項目追加(apps): 'Data_Share'
2026-03-18 00:20:33,574 DEBUG メニュー項目追加(apps): 'everyWEAR'
2026-03-18 00:20:33,574 DEBUG メニュー項目追加(apps): 'HardReminder'
2026-03-18 00:20:33,575 DEBUG メニュー項目追加(apps): 'Homework_Rescue'
2026-03-18 00:20:33,575 DEBUG メニュー項目追加(apps): 'iphoneリマインダー'
2026-03-18 00:20:33,575 DEBUG メニュー項目追加(apps): 'KANJI_HANTEI'
2026-03-18 00:20:33,575 DEBUG メニュー項目追加(apps): 'Kanji_Stroke'
2026-03-18 00:20:33,576 DEBUG メニュー項目追加(apps): 'Memolette'
2026-03-18 00:20:33,576 DEBUG メニュー項目追加(apps): 'terminal_copy'
2026-03-18 00:20:33,576 DEBUG メニュー項目追加(apps): '透明キーボード'
2026-03-18 00:20:33,576 DEBUG メニュー項目追加(other): 'amazon_auto'
2026-03-18 00:20:33,577 DEBUG メニュー項目追加(other): 'Desktop_Timer'
2026-03-18 00:20:33,577 DEBUG メニュー項目追加(other): '小学校関連_auto'
2026-03-18 00:20:33,577 DEBUG メニュー項目追加(other): '請求書印刷_auto'
2026-03-18 00:20:33,580 DEBUG デスクトップダブルクリック検出フック設定完了
2026-03-18 00:20:33,744 DEBUG Importing AvifImagePlugin
2026-03-18 00:20:33,756 DEBUG Importing BlpImagePlugin
2026-03-18 00:20:33,767 DEBUG Importing BmpImagePlugin
2026-03-18 00:20:33,768 DEBUG Importing BufrStubImagePlugin
2026-03-18 00:20:33,776 DEBUG Importing CurImagePlugin
2026-03-18 00:20:33,785 DEBUG Importing DcxImagePlugin
2026-03-18 00:20:33,809 DEBUG Importing DdsImagePlugin
2026-03-18 00:20:33,821 DEBUG Importing EpsImagePlugin
2026-03-18 00:20:33,830 DEBUG Importing FitsImagePlugin
2026-03-18 00:20:33,849 DEBUG Importing FliImagePlugin
2026-03-18 00:20:33,857 DEBUG Importing FpxImagePlugin
2026-03-18 00:20:33,867 DEBUG Image: failed to import FpxImagePlugin: No module named 'olefile'
2026-03-18 00:20:33,867 DEBUG Importing FtexImagePlugin
2026-03-18 00:20:33,877 DEBUG Importing GbrImagePlugin
2026-03-18 00:20:33,889 DEBUG Importing GifImagePlugin
2026-03-18 00:20:33,890 DEBUG Importing GribStubImagePlugin
2026-03-18 00:20:33,898 DEBUG Importing Hdf5StubImagePlugin
2026-03-18 00:20:33,906 DEBUG Importing IcnsImagePlugin
2026-03-18 00:20:33,929 DEBUG Importing IcoImagePlugin
2026-03-18 00:20:33,938 DEBUG Importing ImImagePlugin
2026-03-18 00:20:33,946 DEBUG Importing ImtImagePlugin
2026-03-18 00:20:33,954 DEBUG Importing IptcImagePlugin
2026-03-18 00:20:33,962 DEBUG Importing JpegImagePlugin
2026-03-18 00:20:33,963 DEBUG Importing Jpeg2KImagePlugin
2026-03-18 00:20:33,963 DEBUG Importing McIdasImagePlugin
2026-03-18 00:20:33,972 DEBUG Importing MicImagePlugin
2026-03-18 00:20:33,982 DEBUG Image: failed to import MicImagePlugin: No module named 'olefile'
2026-03-18 00:20:33,982 DEBUG Importing MpegImagePlugin
2026-03-18 00:20:33,990 DEBUG Importing MpoImagePlugin
2026-03-18 00:20:34,009 DEBUG Importing MspImagePlugin
2026-03-18 00:20:34,017 DEBUG Importing PalmImagePlugin
2026-03-18 00:20:34,026 DEBUG Importing PcdImagePlugin
2026-03-18 00:20:34,034 DEBUG Importing PcxImagePlugin
2026-03-18 00:20:34,035 DEBUG Importing PdfImagePlugin
2026-03-18 00:20:34,068 DEBUG Importing PixarImagePlugin
2026-03-18 00:20:34,076 DEBUG Importing PngImagePlugin
2026-03-18 00:20:34,077 DEBUG Importing PpmImagePlugin
2026-03-18 00:20:34,077 DEBUG Importing PsdImagePlugin
2026-03-18 00:20:34,085 DEBUG Importing QoiImagePlugin
2026-03-18 00:20:34,093 DEBUG Importing SgiImagePlugin
2026-03-18 00:20:34,102 DEBUG Importing SpiderImagePlugin
2026-03-18 00:20:34,111 DEBUG Importing SunImagePlugin
2026-03-18 00:20:34,120 DEBUG Importing TgaImagePlugin
2026-03-18 00:20:34,128 DEBUG Importing TiffImagePlugin
2026-03-18 00:20:34,129 DEBUG Importing WebPImagePlugin
2026-03-18 00:20:34,138 DEBUG Importing WmfImagePlugin
2026-03-18 00:20:34,148 DEBUG Importing XbmImagePlugin
2026-03-18 00:20:34,157 DEBUG Importing XpmImagePlugin
2026-03-18 00:20:34,165 DEBUG Importing XVThumbImagePlugin
2026-03-18 00:22:47,843 DEBUG デスクトップダブルクリック検出: (1116, 990)
2026-03-18 00:22:47,865 DEBUG get_folders: apps=11件, other=4件
2026-03-18 00:22:48,788 DEBUG _open_single 開始: 'Chat'
2026-03-18 00:22:48,798 DEBUG open_terminals: name='Chat', path='G:\\マイドライブ\\_Apps2026\\Chat', exists=True
2026-03-18 00:22:48,857 DEBUG open_terminals: wt起動成功 'Chat'
2026-03-18 00:22:49,686 DEBUG キーボード同期: 現在0個, 目標2個, 起動2個
2026-03-18 00:23:02,297 DEBUG キーボード同期完了: 2個
2026-03-18 01:01:35,200 DEBUG WT数変化検出: WT=1, KB=2 → KB削減
2026-03-19 00:51:30,260 DEBUG get_folders: apps=11件, other=4件
2026-03-19 00:51:30,275 DEBUG メニュー項目追加(apps): 'Chat'
2026-03-19 00:51:30,275 DEBUG メニュー項目追加(apps): 'Data_Share'
2026-03-19 00:51:30,276 DEBUG メニュー項目追加(apps): 'everyWEAR'
2026-03-19 00:51:30,276 DEBUG メニュー項目追加(apps): 'HardReminder'
2026-03-19 00:51:30,277 DEBUG メニュー項目追加(apps): 'Homework_Rescue'
2026-03-19 00:51:30,277 DEBUG メニュー項目追加(apps): 'iphoneリマインダー'
2026-03-19 00:51:30,278 DEBUG メニュー項目追加(apps): 'KANJI_HANTEI'
2026-03-19 00:51:30,278 DEBUG メニュー項目追加(apps): 'Kanji_Stroke'
2026-03-19 00:51:30,278 DEBUG メニュー項目追加(apps): 'Memolette'
2026-03-19 00:51:30,279 DEBUG メニュー項目追加(apps): 'terminal_copy'
2026-03-19 00:51:30,279 DEBUG メニュー項目追加(apps): '透明キーボード'
2026-03-19 00:51:30,279 DEBUG メニュー項目追加(other): 'amazon_auto'
2026-03-19 00:51:30,279 DEBUG メニュー項目追加(other): 'Desktop_Timer'
2026-03-19 00:51:30,279 DEBUG メニュー項目追加(other): '小学校関連_auto'
2026-03-19 00:51:30,280 DEBUG メニュー項目追加(other): '請求書印刷_auto'
2026-03-19 00:51:30,281 DEBUG デスクトップダブルクリック検出フック設定完了
2026-03-19 00:51:30,499 DEBUG Importing AvifImagePlugin
2026-03-19 00:51:30,539 DEBUG Importing BlpImagePlugin
2026-03-19 00:51:30,550 DEBUG Importing BmpImagePlugin
2026-03-19 00:51:30,551 DEBUG Importing BufrStubImagePlugin
2026-03-19 00:51:30,564 DEBUG Importing CurImagePlugin
2026-03-19 00:51:30,576 DEBUG Importing DcxImagePlugin
2026-03-19 00:51:30,597 DEBUG Importing DdsImagePlugin
2026-03-19 00:51:30,611 DEBUG Importing EpsImagePlugin
2026-03-19 00:51:30,620 DEBUG Importing FitsImagePlugin
2026-03-19 00:51:30,645 DEBUG Importing FliImagePlugin
2026-03-19 00:51:30,654 DEBUG Importing FpxImagePlugin
2026-03-19 00:51:30,664 DEBUG Image: failed to import FpxImagePlugin: No module named 'olefile'
2026-03-19 00:51:30,664 DEBUG Importing FtexImagePlugin
2026-03-19 00:51:30,677 DEBUG Importing GbrImagePlugin
2026-03-19 00:51:30,686 DEBUG Importing GifImagePlugin
2026-03-19 00:51:30,687 DEBUG Importing GribStubImagePlugin
2026-03-19 00:51:30,699 DEBUG Importing Hdf5StubImagePlugin
2026-03-19 00:51:30,708 DEBUG Importing IcnsImagePlugin
2026-03-19 00:51:30,734 DEBUG Importing IcoImagePlugin
2026-03-19 00:51:30,744 DEBUG Importing ImImagePlugin
2026-03-19 00:51:30,754 DEBUG Importing ImtImagePlugin
2026-03-19 00:51:30,767 DEBUG Importing IptcImagePlugin
2026-03-19 00:51:30,776 DEBUG Importing JpegImagePlugin
2026-03-19 00:51:30,776 DEBUG Importing Jpeg2KImagePlugin
2026-03-19 00:51:30,777 DEBUG Importing McIdasImagePlugin
2026-03-19 00:51:30,787 DEBUG Importing MicImagePlugin
2026-03-19 00:51:30,799 DEBUG Image: failed to import MicImagePlugin: No module named 'olefile'
2026-03-19 00:51:30,800 DEBUG Importing MpegImagePlugin
2026-03-19 00:51:30,814 DEBUG Importing MpoImagePlugin
2026-03-19 00:51:30,832 DEBUG Importing MspImagePlugin
2026-03-19 00:51:30,841 DEBUG Importing PalmImagePlugin
2026-03-19 00:51:30,851 DEBUG Importing PcdImagePlugin
2026-03-19 00:51:30,860 DEBUG Importing PcxImagePlugin
2026-03-19 00:51:30,861 DEBUG Importing PdfImagePlugin
2026-03-19 00:51:30,903 DEBUG Importing PixarImagePlugin
2026-03-19 00:51:30,911 DEBUG Importing PngImagePlugin
2026-03-19 00:51:30,912 DEBUG Importing PpmImagePlugin
2026-03-19 00:51:30,913 DEBUG Importing PsdImagePlugin
2026-03-19 00:51:30,924 DEBUG Importing QoiImagePlugin
2026-03-19 00:51:30,933 DEBUG Importing SgiImagePlugin
2026-03-19 00:51:30,945 DEBUG Importing SpiderImagePlugin
2026-03-19 00:51:30,955 DEBUG Importing SunImagePlugin
2026-03-19 00:51:30,965 DEBUG Importing TgaImagePlugin
2026-03-19 00:51:30,974 DEBUG Importing TiffImagePlugin
2026-03-19 00:51:30,975 DEBUG Importing WebPImagePlugin
2026-03-19 00:51:31,024 DEBUG Importing WmfImagePlugin
2026-03-19 00:51:31,034 DEBUG Importing XbmImagePlugin
2026-03-19 00:51:31,042 DEBUG Importing XpmImagePlugin
2026-03-19 00:51:31,055 DEBUG Importing XVThumbImagePlugin
2026-03-19 00:51:34,261 DEBUG デスクトップダブルクリック検出: (736, 949)
2026-03-19 00:51:34,289 DEBUG get_folders: apps=11件, other=4件
2026-03-19 00:51:39,635 DEBUG デスクトップダブルクリック検出: (114, 218)
2026-03-19 00:51:39,656 DEBUG get_folders: apps=11件, other=4件
2026-03-19 00:51:43,085 DEBUG デスクトップダブルクリック検出: (119, 205)
2026-03-19 00:51:43,111 DEBUG get_folders: apps=11件, other=4件
2026-03-19 00:51:53,244 DEBUG _open_single 開始: 'terminal_copy'
2026-03-19 00:51:53,256 DEBUG open_terminals: name='terminal_copy', path='G:\\マイドライブ\\_Apps2026\\terminal_copy', exists=True
2026-03-19 00:51:53,359 DEBUG open_terminals: wt起動成功 'terminal_copy'
2026-03-19 00:51:54,188 DEBUG キーボード同期: 現在1個, 目標2個, 起動1個
2026-03-19 00:52:05,038 DEBUG キーボード同期完了: 2個
2026-03-19 00:57:10,303 DEBUG デスクトップダブルクリック検出: (555, 967)
2026-03-19 00:57:10,331 DEBUG get_folders: apps=11件, other=4件
2026-03-19 00:57:28,044 DEBUG get_folders: apps=11件, other=4件
2026-03-19 00:57:28,051 DEBUG メニュー項目追加(apps): 'Chat'
2026-03-19 00:57:28,052 DEBUG メニュー項目追加(apps): 'Data_Share'
2026-03-19 00:57:28,052 DEBUG メニュー項目追加(apps): 'everyWEAR'
2026-03-19 00:57:28,052 DEBUG メニュー項目追加(apps): 'HardReminder'
2026-03-19 00:57:28,053 DEBUG メニュー項目追加(apps): 'Homework_Rescue'
2026-03-19 00:57:28,053 DEBUG メニュー項目追加(apps): 'iphoneリマインダー'
2026-03-19 00:57:28,053 DEBUG メニュー項目追加(apps): 'KANJI_HANTEI'
2026-03-19 00:57:28,054 DEBUG メニュー項目追加(apps): 'Kanji_Stroke'
2026-03-19 00:57:28,054 DEBUG メニュー項目追加(apps): 'Memolette'
2026-03-19 00:57:28,055 DEBUG メニュー項目追加(apps): 'terminal_copy'
2026-03-19 00:57:28,055 DEBUG メニュー項目追加(apps): '透明キーボード'
2026-03-19 00:57:28,055 DEBUG メニュー項目追加(other): 'amazon_auto'
2026-03-19 00:57:28,056 DEBUG メニュー項目追加(other): 'Desktop_Timer'
2026-03-19 00:57:28,056 DEBUG メニュー項目追加(other): '小学校関連_auto'
2026-03-19 00:57:28,056 DEBUG メニュー項目追加(other): '請求書印刷_auto'
2026-03-19 00:57:28,058 DEBUG デスクトップダブルクリック検出フック設定完了
2026-03-19 00:57:28,105 DEBUG Importing AvifImagePlugin
2026-03-19 00:57:28,109 DEBUG Importing BlpImagePlugin
2026-03-19 00:57:28,112 DEBUG Importing BmpImagePlugin
2026-03-19 00:57:28,112 DEBUG Importing BufrStubImagePlugin
2026-03-19 00:57:28,113 DEBUG Importing CurImagePlugin
2026-03-19 00:57:28,114 DEBUG Importing DcxImagePlugin
2026-03-19 00:57:28,117 DEBUG Importing DdsImagePlugin
2026-03-19 00:57:28,121 DEBUG Importing EpsImagePlugin
2026-03-19 00:57:28,123 DEBUG Importing FitsImagePlugin
2026-03-19 00:57:28,125 DEBUG Importing FliImagePlugin
2026-03-19 00:57:28,126 DEBUG Importing FpxImagePlugin
2026-03-19 00:57:28,130 DEBUG Image: failed to import FpxImagePlugin: No module named 'olefile'
2026-03-19 00:57:28,130 DEBUG Importing FtexImagePlugin
2026-03-19 00:57:28,131 DEBUG Importing GbrImagePlugin
2026-03-19 00:57:28,132 DEBUG Importing GifImagePlugin
2026-03-19 00:57:28,133 DEBUG Importing GribStubImagePlugin
2026-03-19 00:57:28,134 DEBUG Importing Hdf5StubImagePlugin
2026-03-19 00:57:28,135 DEBUG Importing IcnsImagePlugin
2026-03-19 00:57:28,139 DEBUG Importing IcoImagePlugin
2026-03-19 00:57:28,141 DEBUG Importing ImImagePlugin
2026-03-19 00:57:28,143 DEBUG Importing ImtImagePlugin
2026-03-19 00:57:28,144 DEBUG Importing IptcImagePlugin
2026-03-19 00:57:28,145 DEBUG Importing JpegImagePlugin
2026-03-19 00:57:28,146 DEBUG Importing Jpeg2KImagePlugin
2026-03-19 00:57:28,146 DEBUG Importing McIdasImagePlugin
2026-03-19 00:57:28,147 DEBUG Importing MicImagePlugin
2026-03-19 00:57:28,152 DEBUG Image: failed to import MicImagePlugin: No module named 'olefile'
2026-03-19 00:57:28,152 DEBUG Importing MpegImagePlugin
2026-03-19 00:57:28,153 DEBUG Importing MpoImagePlugin
2026-03-19 00:57:28,159 DEBUG Importing MspImagePlugin
2026-03-19 00:57:28,161 DEBUG Importing PalmImagePlugin
2026-03-19 00:57:28,163 DEBUG Importing PcdImagePlugin
2026-03-19 00:57:28,165 DEBUG Importing PcxImagePlugin
2026-03-19 00:57:28,166 DEBUG Importing PdfImagePlugin
2026-03-19 00:57:28,175 DEBUG Importing PixarImagePlugin
2026-03-19 00:57:28,176 DEBUG Importing PngImagePlugin
2026-03-19 00:57:28,177 DEBUG Importing PpmImagePlugin
2026-03-19 00:57:28,177 DEBUG Importing PsdImagePlugin
2026-03-19 00:57:28,178 DEBUG Importing QoiImagePlugin
2026-03-19 00:57:28,179 DEBUG Importing SgiImagePlugin
2026-03-19 00:57:28,180 DEBUG Importing SpiderImagePlugin
2026-03-19 00:57:28,181 DEBUG Importing SunImagePlugin
2026-03-19 00:57:28,182 DEBUG Importing TgaImagePlugin
2026-03-19 00:57:28,183 DEBUG Importing TiffImagePlugin
2026-03-19 00:57:28,183 DEBUG Importing WebPImagePlugin
2026-03-19 00:57:28,185 DEBUG Importing WmfImagePlugin
2026-03-19 00:57:28,186 DEBUG Importing XbmImagePlugin
2026-03-19 00:57:28,188 DEBUG Importing XpmImagePlugin
2026-03-19 00:57:28,189 DEBUG Importing XVThumbImagePlugin
2026-03-19 01:10:37,501 DEBUG WT数変化検出: WT=1, KB=2 → KB削減
2026-03-19 01:10:37,980 DEBUG デスクトップダブルクリック検出: (476, 964)
2026-03-19 01:10:38,012 DEBUG get_folders: apps=11件, other=4件
2026-03-19 01:10:40,058 DEBUG _open_single 開始: 'Chat'
2026-03-19 01:10:40,065 DEBUG open_terminals: name='Chat', path='G:\\マイドライブ\\_Apps2026\\Chat', exists=True
2026-03-19 01:10:40,117 DEBUG open_terminals: wt起動成功 'Chat'
2026-03-19 01:10:40,932 DEBUG キーボード同期: 現在1個, 目標2個, 起動1個
2026-03-19 01:11:01,603 DEBUG キーボード同期完了: 1個
2026-03-21 23:13:53,617 DEBUG get_folders: apps=11件, other=4件
2026-03-21 23:13:53,631 DEBUG メニュー項目追加(apps): 'Chat'
2026-03-21 23:13:53,631 DEBUG メニュー項目追加(apps): 'Data_Share'
2026-03-21 23:13:53,632 DEBUG メニュー項目追加(apps): 'everyWEAR'
2026-03-21 23:13:53,632 DEBUG メニュー項目追加(apps): 'HardReminder'
2026-03-21 23:13:53,632 DEBUG メニュー項目追加(apps): 'Homework_Rescue'
2026-03-21 23:13:53,633 DEBUG メニュー項目追加(apps): 'iphone_reminder'
2026-03-21 23:13:53,633 DEBUG メニュー項目追加(apps): 'KANJI_HANTEI'
2026-03-21 23:13:53,633 DEBUG メニュー項目追加(apps): 'Kanji_Stroke'
2026-03-21 23:13:53,633 DEBUG メニュー項目追加(apps): 'Memolette'
2026-03-21 23:13:53,634 DEBUG メニュー項目追加(apps): 'terminal_copy'
2026-03-21 23:13:53,634 DEBUG メニュー項目追加(apps): '透明キーボード'
2026-03-21 23:13:53,635 DEBUG メニュー項目追加(other): 'amazon_auto'
2026-03-21 23:13:53,635 DEBUG メニュー項目追加(other): 'Desktop_Timer'
2026-03-21 23:13:53,635 DEBUG メニュー項目追加(other): '小学校関連_auto'
2026-03-21 23:13:53,635 DEBUG メニュー項目追加(other): '請求書印刷_auto'
2026-03-21 23:13:53,638 DEBUG デスクトップダブルクリック検出フック設定完了
2026-03-21 23:13:53,852 DEBUG Importing AvifImagePlugin
2026-03-21 23:13:53,864 DEBUG Importing BlpImagePlugin
2026-03-21 23:13:53,874 DEBUG Importing BmpImagePlugin
2026-03-21 23:13:53,875 DEBUG Importing BufrStubImagePlugin
2026-03-21 23:13:53,883 DEBUG Importing CurImagePlugin
2026-03-21 23:13:53,896 DEBUG Importing DcxImagePlugin
2026-03-21 23:13:53,926 DEBUG Importing DdsImagePlugin
2026-03-21 23:13:53,940 DEBUG Importing EpsImagePlugin
2026-03-21 23:13:53,948 DEBUG Importing FitsImagePlugin
2026-03-21 23:13:53,968 DEBUG Importing FliImagePlugin
2026-03-21 23:13:53,977 DEBUG Importing FpxImagePlugin
2026-03-21 23:13:53,988 DEBUG Image: failed to import FpxImagePlugin: No module named 'olefile'
2026-03-21 23:13:53,989 DEBUG Importing FtexImagePlugin
2026-03-21 23:13:54,004 DEBUG Importing GbrImagePlugin
2026-03-21 23:13:54,013 DEBUG Importing GifImagePlugin
2026-03-21 23:13:54,013 DEBUG Importing GribStubImagePlugin
2026-03-21 23:13:54,022 DEBUG Importing Hdf5StubImagePlugin
2026-03-21 23:13:54,032 DEBUG Importing IcnsImagePlugin
2026-03-21 23:13:54,062 DEBUG Importing IcoImagePlugin
2026-03-21 23:13:54,072 DEBUG Importing ImImagePlugin
2026-03-21 23:13:54,081 DEBUG Importing ImtImagePlugin
2026-03-21 23:13:54,090 DEBUG Importing IptcImagePlugin
2026-03-21 23:13:54,099 DEBUG Importing JpegImagePlugin
2026-03-21 23:13:54,099 DEBUG Importing Jpeg2KImagePlugin
2026-03-21 23:13:54,100 DEBUG Importing McIdasImagePlugin
2026-03-21 23:13:54,109 DEBUG Importing MicImagePlugin
2026-03-21 23:13:54,121 DEBUG Image: failed to import MicImagePlugin: No module named 'olefile'
2026-03-21 23:13:54,122 DEBUG Importing MpegImagePlugin
2026-03-21 23:13:54,130 DEBUG Importing MpoImagePlugin
2026-03-21 23:13:54,149 DEBUG Importing MspImagePlugin
2026-03-21 23:13:54,158 DEBUG Importing PalmImagePlugin
2026-03-21 23:13:54,168 DEBUG Importing PcdImagePlugin
2026-03-21 23:13:54,177 DEBUG Importing PcxImagePlugin
2026-03-21 23:13:54,177 DEBUG Importing PdfImagePlugin
2026-03-21 23:13:54,216 DEBUG Importing PixarImagePlugin
2026-03-21 23:13:54,226 DEBUG Importing PngImagePlugin
2026-03-21 23:13:54,227 DEBUG Importing PpmImagePlugin
2026-03-21 23:13:54,227 DEBUG Importing PsdImagePlugin
2026-03-21 23:13:54,237 DEBUG Importing QoiImagePlugin
2026-03-21 23:13:54,246 DEBUG Importing SgiImagePlugin
2026-03-21 23:13:54,256 DEBUG Importing SpiderImagePlugin
2026-03-21 23:13:54,268 DEBUG Importing SunImagePlugin
2026-03-21 23:13:54,277 DEBUG Importing TgaImagePlugin
2026-03-21 23:13:54,287 DEBUG Importing TiffImagePlugin
2026-03-21 23:13:54,288 DEBUG Importing WebPImagePlugin
2026-03-21 23:13:54,299 DEBUG Importing WmfImagePlugin
2026-03-21 23:13:54,309 DEBUG Importing XbmImagePlugin
2026-03-21 23:13:54,317 DEBUG Importing XpmImagePlugin
2026-03-21 23:13:54,328 DEBUG Importing XVThumbImagePlugin
2026-03-21 23:14:35,111 DEBUG デスクトップダブルクリック検出: (1266, 908)
2026-03-21 23:14:35,127 DEBUG get_folders: apps=11件, other=4件
2026-03-21 23:14:37,458 DEBUG デスクトップダブルクリック検出: (1119, 585)
2026-03-21 23:14:37,477 DEBUG get_folders: apps=11件, other=4件
2026-03-23 00:15:42,141 DEBUG デスクトップダブルクリック検出: (86, 422)
2026-03-23 00:15:42,188 DEBUG get_folders: apps=12件, other=4件
2026-03-23 00:16:16,256 DEBUG デスクトップダブルクリック検出: (1188, 775)
2026-03-23 00:16:16,286 DEBUG get_folders: apps=12件, other=4件
2026-03-23 00:16:18,341 DEBUG _open_single 開始: 'Chat'
2026-03-23 00:16:18,349 DEBUG open_terminals: name='Chat', path='G:\\マイドライブ\\_Apps2026\\Chat', exists=True
2026-03-23 00:16:18,416 DEBUG open_terminals: wt起動成功 'Chat'
2026-03-23 00:16:19,273 DEBUG キーボード同期: 現在0個, 目標3個, 起動3個
2026-03-23 00:16:42,043 DEBUG キーボード同期完了: 0個
2026-03-23 23:25:40,270 DEBUG デスクトップダブルクリック検出: (1669, 48)
2026-03-23 23:25:40,304 DEBUG get_folders: apps=13件, other=4件
2026-03-24 11:37:40,108 DEBUG WT数変化検出: WT=0, KB=1 → KB削減
2026-03-24 11:42:24,460 DEBUG get_folders: apps=13件, other=4件
2026-03-24 11:42:24,463 DEBUG メニュー項目追加(apps): 'Chat'
2026-03-24 11:42:24,463 DEBUG メニュー項目追加(apps): 'Data_Share'
2026-03-24 11:42:24,463 DEBUG メニュー項目追加(apps): 'everyWEAR'
2026-03-24 11:42:24,463 DEBUG メニュー項目追加(apps): 'HardReminder'
2026-03-24 11:42:24,464 DEBUG メニュー項目追加(apps): 'Homework_Rescue'
2026-03-24 11:42:24,464 DEBUG メニュー項目追加(apps): 'iphone_reminder'
2026-03-24 11:42:24,464 DEBUG メニュー項目追加(apps): 'KANJI_HANTEI'
2026-03-24 11:42:24,464 DEBUG メニュー項目追加(apps): 'Kanji_Stroke'
2026-03-24 11:42:24,464 DEBUG メニュー項目追加(apps): 'Memolette'
2026-03-24 11:42:24,465 DEBUG メニュー項目追加(apps): 'Personal_Secretary'
2026-03-24 11:42:24,465 DEBUG メニュー項目追加(apps): 'terminal_copy'
2026-03-24 11:42:24,465 DEBUG メニュー項目追加(apps): 'Tips'
2026-03-24 11:42:24,465 DEBUG メニュー項目追加(apps): '透明キーボード'
2026-03-24 11:42:24,465 DEBUG メニュー項目追加(other): 'amazon_auto'
2026-03-24 11:42:24,466 DEBUG メニュー項目追加(other): 'Desktop_Timer'
2026-03-24 11:42:24,466 DEBUG メニュー項目追加(other): '小学校関連_auto'
2026-03-24 11:42:24,466 DEBUG メニュー項目追加(other): '請求書印刷_auto'
2026-03-24 11:42:24,467 DEBUG デスクトップダブルクリック検出フック設定完了
2026-03-24 11:42:24,703 DEBUG Importing AvifImagePlugin
2026-03-24 11:42:24,748 DEBUG Importing BlpImagePlugin
2026-03-24 11:42:24,767 DEBUG Importing BmpImagePlugin
2026-03-24 11:42:24,768 DEBUG Importing BufrStubImagePlugin
2026-03-24 11:42:24,781 DEBUG Importing CurImagePlugin
2026-03-24 11:42:24,799 DEBUG Importing DcxImagePlugin
2026-03-24 11:42:24,851 DEBUG Importing DdsImagePlugin
2026-03-24 11:42:24,877 DEBUG Importing EpsImagePlugin
2026-03-24 11:42:24,897 DEBUG Importing FitsImagePlugin
2026-03-24 11:42:24,933 DEBUG Importing FliImagePlugin
2026-03-24 11:42:24,953 DEBUG Importing FpxImagePlugin
2026-03-24 11:42:24,973 DEBUG Image: failed to import FpxImagePlugin: No module named 'olefile'
2026-03-24 11:42:24,974 DEBUG Importing FtexImagePlugin
2026-03-24 11:42:24,994 DEBUG Importing GbrImagePlugin
2026-03-24 11:42:25,012 DEBUG Importing GifImagePlugin
2026-03-24 11:42:25,013 DEBUG Importing GribStubImagePlugin
2026-03-24 11:42:25,030 DEBUG Importing Hdf5StubImagePlugin
2026-03-24 11:42:25,049 DEBUG Importing IcnsImagePlugin
2026-03-24 11:42:25,103 DEBUG Importing IcoImagePlugin
2026-03-24 11:42:25,125 DEBUG Importing ImImagePlugin
2026-03-24 11:42:25,145 DEBUG Importing ImtImagePlugin
2026-03-24 11:42:25,162 DEBUG Importing IptcImagePlugin
2026-03-24 11:42:25,181 DEBUG Importing JpegImagePlugin
2026-03-24 11:42:25,182 DEBUG Importing Jpeg2KImagePlugin
2026-03-24 11:42:25,183 DEBUG Importing McIdasImagePlugin
2026-03-24 11:42:25,204 DEBUG Importing MicImagePlugin
2026-03-24 11:42:25,224 DEBUG Image: failed to import MicImagePlugin: No module named 'olefile'
2026-03-24 11:42:25,224 DEBUG Importing MpegImagePlugin
2026-03-24 11:42:25,243 DEBUG Importing MpoImagePlugin
2026-03-24 11:42:25,283 DEBUG Importing MspImagePlugin
2026-03-24 11:42:25,300 DEBUG Importing PalmImagePlugin
2026-03-24 11:42:25,318 DEBUG Importing PcdImagePlugin
2026-03-24 11:42:25,332 DEBUG Importing PcxImagePlugin
2026-03-24 11:42:25,333 DEBUG Importing PdfImagePlugin
2026-03-24 11:42:25,419 DEBUG Importing PixarImagePlugin
2026-03-24 11:42:25,434 DEBUG Importing PngImagePlugin
2026-03-24 11:42:25,435 DEBUG Importing PpmImagePlugin
2026-03-24 11:42:25,435 DEBUG Importing PsdImagePlugin
2026-03-24 11:42:25,454 DEBUG Importing QoiImagePlugin
2026-03-24 11:42:25,475 DEBUG Importing SgiImagePlugin
2026-03-24 11:42:25,494 DEBUG Importing SpiderImagePlugin
2026-03-24 11:42:25,509 DEBUG Importing SunImagePlugin
2026-03-24 11:42:25,528 DEBUG Importing TgaImagePlugin
2026-03-24 11:42:25,548 DEBUG Importing TiffImagePlugin
2026-03-24 11:42:25,549 DEBUG Importing WebPImagePlugin
2026-03-24 11:42:25,633 DEBUG Importing WmfImagePlugin
2026-03-24 11:42:25,647 DEBUG Importing XbmImagePlugin
2026-03-24 11:42:25,665 DEBUG Importing XpmImagePlugin
2026-03-24 11:42:25,686 DEBUG Importing XVThumbImagePlugin
2026-03-24 13:59:47,043 DEBUG デスクトップダブルクリック検出: (937, 592)
2026-03-24 13:59:47,067 DEBUG get_folders: apps=13件, other=4件
2026-03-24 13:59:49,512 DEBUG _open_single 開始: 'Personal_Secretary'
2026-03-24 13:59:49,525 DEBUG open_terminals: name='Personal_Secretary', path='G:\\マイドライブ\\_Apps2026\\Personal_Secretary', exists=True
2026-03-24 13:59:49,702 DEBUG open_terminals: wt起動成功 'Personal_Secretary'
2026-03-24 13:59:51,115 DEBUG キーボード同期: 現在0個, 目標1個, 起動1個
2026-03-24 13:59:59,811 DEBUG キーボード同期完了: 1個
2026-03-24 15:21:15,862 DEBUG デスクトップダブルクリック検出: (842, 322)
2026-03-24 15:21:15,883 DEBUG get_folders: apps=13件, other=4件
